

Started GET "/rails/info/properties" for 127.0.0.1 at Thu Jun 09 21:04:10 +0300 2011
  Processing by Rails::InfoController#properties as HTML
  [1m[36mSQL (0.0ms)[0m  [1m SELECT name
 FROM sqlite_master
 WHERE type = 'table' AND NOT name = 'sqlite_sequence'
[0m
Rendered inline template (0.0ms)
Completed 200 OK in 172ms (Views: 0.0ms | ActiveRecord: 0.0ms)


Started GET "/rails/info/properties" for 127.0.0.1 at Thu Jun 09 21:07:49 +0300 2011
  Processing by Rails::InfoController#properties as HTML
Rendered inline template (0.0ms)
Completed 200 OK in 0ms (Views: 0.0ms | ActiveRecord: 0.0ms)


Started GET "/rails/info/properties" for 127.0.0.1 at Thu Jun 09 22:04:19 +0300 2011
  Processing by Rails::InfoController#properties as HTML
  [1m[36mSQL (31.2ms)[0m  [1m SELECT name
 FROM sqlite_master
 WHERE type = 'table' AND NOT name = 'sqlite_sequence'
[0m
Rendered inline template (0.0ms)
Completed 200 OK in 266ms (Views: 15.6ms | ActiveRecord: 31.2ms)


Started GET "/" for 127.0.0.1 at Thu Jun 09 22:08:10 +0300 2011
  Processing by WelcomeController#index as HTML
Rendered welcome/index.html.erb within layouts/application (15.6ms)
Completed 200 OK in 94ms (Views: 93.8ms | ActiveRecord: 0.0ms)


Started GET "/" for 127.0.0.1 at Thu Jun 09 22:08:29 +0300 2011
  Processing by WelcomeController#index as HTML
Rendered welcome/index.html.erb within layouts/application (0.0ms)
Completed 200 OK in 78ms (Views: 78.1ms | ActiveRecord: 0.0ms)


Started GET "/" for 127.0.0.1 at Thu Jun 09 22:09:19 +0300 2011
  Processing by WelcomeController#index as HTML
Rendered welcome/index.html.erb within layouts/application (0.0ms)
Completed 200 OK in 78ms (Views: 78.1ms | ActiveRecord: 0.0ms)


Started GET "/" for 127.0.0.1 at Fri Jun 10 02:55:06 +0300 2011
  Processing by WelcomeController#index as HTML
Rendered welcome/index.html.erb within layouts/application (31.2ms)
Completed 200 OK in 109ms (Views: 109.4ms | ActiveRecord: 0.0ms)


Started GET "/" for 127.0.0.1 at Fri Jun 10 02:56:12 +0300 2011
  Processing by WelcomeController#index as HTML
Rendered welcome/index.html.erb within layouts/application (15.6ms)
Completed 200 OK in 94ms (Views: 93.8ms | ActiveRecord: 0.0ms)
